<?xml version="1.0" encoding="UTF-8"?>
<!-- Generated by org.testng.reporters.JUnitXMLReporter -->
<testsuite ignored="0" hostname="DESKTOP-TC8J41J" failures="0" tests="3" name="Test" time="33.533" errors="0" timestamp="2025-06-18T20:07:14 IST">
  <testcase classname="tests.DreamPortalTest" name="verifyAndClickDreamButton" time="5.011"/>
  <testcase classname="tests.DreamPortalTest" name="validateDreamTableEntries" time="1.96"/>
  <testcase classname="tests.DreamPortalTest" name="validateDreamStats" time="0.637"/>
</testsuite> <!-- Test -->
